<?xml version="1.0" encoding="UTF-8"?>
<testng-results ignored="0" total="3" passed="3" failed="0" skipped="0">
  <reporter-output>
  </reporter-output>
  <suite started-at="2024-08-21T11:09:41 IST" name="Default suite" finished-at="2024-08-21T11:10:03 IST" duration-ms="21430">
    <groups>
    </groups>
    <test started-at="2024-08-21T11:09:41 IST" name="Default test" finished-at="2024-08-21T11:10:03 IST" duration-ms="21430">
      <class name="testCases.TC002_AddWorkstationTest">
        <test-method is-config="true" signature="setup()[pri:0, instance:testCases.TC002_AddWorkstationTest@16eb3ea3]" started-at="2024-08-21T11:09:41 IST" name="setup" finished-at="2024-08-21T11:09:45 IST" duration-ms="3445" status="PASS">
          <reporter-output>
          </reporter-output>
        </test-method> <!-- setup -->
        <test-method signature="verify_Login()[pri:1, instance:testCases.TC002_AddWorkstationTest@16eb3ea3]" started-at="2024-08-21T11:09:45 IST" name="verify_Login" finished-at="2024-08-21T11:09:45 IST" duration-ms="466" status="PASS">
          <reporter-output>
          </reporter-output>
        </test-method> <!-- verify_Login -->
        <test-method signature="verify_addWorkStation()[pri:2, instance:testCases.TC002_AddWorkstationTest@16eb3ea3]" started-at="2024-08-21T11:09:45 IST" name="verify_addWorkStation" finished-at="2024-08-21T11:09:50 IST" duration-ms="5380" status="PASS">
          <reporter-output>
          </reporter-output>
        </test-method> <!-- verify_addWorkStation -->
        <test-method signature="verify_addUseCase()[pri:3, instance:testCases.TC002_AddWorkstationTest@16eb3ea3]" started-at="2024-08-21T11:09:50 IST" name="verify_addUseCase" finished-at="2024-08-21T11:10:03 IST" duration-ms="12106" status="PASS">
          <reporter-output>
          </reporter-output>
        </test-method> <!-- verify_addUseCase -->
      </class> <!-- testCases.TC002_AddWorkstationTest -->
    </test> <!-- Default test -->
  </suite> <!-- Default suite -->
</testng-results>
