<?xml version="1.0" encoding="UTF-8"?>
<testng-results ignored="0" total="3" passed="3" failed="0" skipped="0">
  <reporter-output>
  </reporter-output>
  <suite started-at="2024-08-09T10:50:42 IST" name="Default suite" finished-at="2024-08-09T10:51:08 IST" duration-ms="26864">
    <groups>
    </groups>
    <test started-at="2024-08-09T10:50:42 IST" name="Default test" finished-at="2024-08-09T10:51:08 IST" duration-ms="26864">
      <class name="testCases.TC002_AddWorkstationTest">
        <test-method is-config="true" signature="setup()[pri:0, instance:testCases.TC002_AddWorkstationTest@7f485fda]" started-at="2024-08-09T10:50:42 IST" name="setup" finished-at="2024-08-09T10:50:45 IST" duration-ms="3082" status="PASS">
          <reporter-output>
          </reporter-output>
        </test-method> <!-- setup -->
        <test-method signature="verify_Login()[pri:1, instance:testCases.TC002_AddWorkstationTest@7f485fda]" started-at="2024-08-09T10:50:45 IST" name="verify_Login" finished-at="2024-08-09T10:50:45 IST" duration-ms="435" status="PASS">
          <reporter-output>
          </reporter-output>
        </test-method> <!-- verify_Login -->
        <test-method signature="verify_addWorkStation()[pri:2, instance:testCases.TC002_AddWorkstationTest@7f485fda]" started-at="2024-08-09T10:50:45 IST" name="verify_addWorkStation" finished-at="2024-08-09T10:50:57 IST" duration-ms="11499" status="PASS">
          <reporter-output>
          </reporter-output>
        </test-method> <!-- verify_addWorkStation -->
        <test-method signature="verify_addUseCase()[pri:3, instance:testCases.TC002_AddWorkstationTest@7f485fda]" started-at="2024-08-09T10:50:57 IST" name="verify_addUseCase" finished-at="2024-08-09T10:51:08 IST" duration-ms="11790" status="PASS">
          <reporter-output>
          </reporter-output>
        </test-method> <!-- verify_addUseCase -->
      </class> <!-- testCases.TC002_AddWorkstationTest -->
    </test> <!-- Default test -->
  </suite> <!-- Default suite -->
</testng-results>
