<?xml version="1.0" encoding="UTF-8"?>
<!-- Generated by org.testng.reporters.JUnitXMLReporter -->
<testsuite ignored="0" hostname="DESKTOP-7LL1CDN" failures="0" tests="3" name="Default test" time="33.009" errors="0" timestamp="2024-08-23T10:08:02 IST">
  <testcase classname="testCases.TC001_LoginTest" name="verify_Login" time="8.043"/>
  <testcase classname="testCases.TC002_AddWorkstationTest" name="verify_addWorkStation" time="8.882"/>
  <testcase classname="testCases.TC002_AddWorkstationTest" name="verify_addUseCase" time="10.47"/>
</testsuite> <!-- Default test -->
