<?xml version="1.0" encoding="UTF-8"?>
<!-- Generated by org.testng.reporters.JUnitXMLReporter -->
<testsuite ignored="0" hostname="DESKTOP-7LL1CDN" failures="0" tests="4" name="Test" time="31.15" errors="0" timestamp="2024-08-08T10:53:45 IST">
  <testcase classname="testCases.TC001_LoginTest" name="verify_Login" time="0.336"/>
  <testcase classname="testCases.TC002_AddWorkstationTest" name="verify_addWorkStation" time="5.73"/>
  <testcase classname="testCases.TC002_AddWorkstationTest" name="verify_addUseCase" time="10.421"/>
  <testcase classname="testCases.TC001_LoginTest" name="verify_Login" time="0.36"/>
</testsuite> <!-- Test -->
