<?xml version="1.0" encoding="UTF-8"?>
<!-- Generated by org.testng.reporters.JUnitXMLReporter -->
<testsuite ignored="0" hostname="DESKTOP-7LL1CDN" failures="0" tests="4" name="Test" time="21.625" errors="0" timestamp="2024-08-08T17:56:02 IST">
  <testcase classname="testCases.TC001_LoginTest" name="verify_Login" time="0.289"/>
  <testcase classname="testCases.TC002_AddWorkstationTest" name="verify_addWorkStation" time="3.953"/>
  <testcase classname="testCases.TC002_AddWorkstationTest" name="verify_addUseCase" time="11.962"/>
  <testcase classname="testCases.TC001_LoginTest" name="verify_Login" time="0.295"/>
</testsuite> <!-- Test -->
